[18:13:04] [ServerMain/INFO]: Environment: authHost='https://authserver.mojang.com', accountsHost='https://api.mojang.com', sessionHost='https://sessionserver.mojang.com', servicesHost='https://api.minecraftservices.com', name='PROD'
[18:13:06] [ServerMain/INFO]: Loaded 7 recipes
[18:13:06] [Server thread/INFO]: Starting minecraft server version 1.20
[18:13:06] [Server thread/INFO]: Loading properties
[18:13:06] [Server thread/INFO]: This server is running Paper version git-Paper-17 (MC: 1.20) (Implementing API version 1.20-R0.1-SNAPSHOT) (Git: c287e92)
[18:13:06] [Server thread/INFO]: Server Ping Player Sample Count: 12
[18:13:06] [Server thread/INFO]: Using 4 threads for Netty based IO
[18:13:07] [Server thread/WARN]: [!] The timings profiler has been enabled but has been scheduled for removal from Paper in the future.
    We recommend installing the spark profiler as a replacement: https://spark.lucko.me/
    For more information please visit: https://github.com/PaperMC/Paper/issues/8948
[18:13:07] [Server thread/INFO]: [ChunkTaskScheduler] Chunk system is using 1 I/O threads, 1 worker threads, and gen parallelism of 1 threads
[18:13:07] [Server thread/INFO]: Default game type: SURVIVAL
[18:13:07] [Server thread/INFO]: Generating keypair
[18:13:07] [Server thread/INFO]: Starting Minecraft server on *:25565
[18:13:07] [Server thread/INFO]: Using epoll channel type
[18:13:07] [Server thread/INFO]: Paper: Using libdeflate (Linux x86_64) compression from Velocity.
[18:13:07] [Server thread/INFO]: Paper: Using OpenSSL 1.1.x (Linux x86_64) cipher from Velocity.
[18:13:07] [Server thread/INFO]: Server permissions file permissions.yml is empty, ignoring it
[18:13:07] [Server thread/WARN]: **** SERVER IS RUNNING IN OFFLINE/INSECURE MODE!
[18:13:07] [Server thread/WARN]: The server will make no attempt to authenticate usernames. Beware.
[18:13:07] [Server thread/WARN]: While this makes the game possible to play without internet access, it also opens up the ability for hackers to connect with any username they choose.
[18:13:07] [Server thread/WARN]: To change this, set "online-mode" to "true" in the server.properties file.
[18:13:07] [Server thread/INFO]: Preparing level "world"
[18:13:07] [Server thread/INFO]: Preparing start region for dimension minecraft:overworld
[18:13:07] [Server thread/INFO]: Time elapsed: 232 ms
[18:13:07] [Server thread/INFO]: Running delayed init tasks
[18:13:07] [Server thread/INFO]: Done (1.187s)! For help, type "help"
[18:13:07] [Server thread/INFO]: Timings Reset
[18:15:07] [Server thread/INFO]: CONSOLE: Are you sure you wish to reload your server? Doing so may cause bugs and memory leaks. It is recommended to restart instead of using /reload. To confirm, please type /reload confirm
[18:15:15] [Server thread/INFO]: Unknown command. Type "/help" for help.
[18:15:18] [Server thread/INFO]: CONSOLE: Are you sure you wish to reload your server? Doing so may cause bugs and memory leaks. It is recommended to restart instead of using /reload. To confirm, please type /reload confirm
[18:15:23] [Server thread/INFO]: CONSOLE: Please note that this command is not supported and may cause issues when using some plugins.
[18:15:23] [Server thread/INFO]: CONSOLE: If you encounter any issues please use the /stop command to restart your server.
[18:15:23] [Server thread/INFO]: Server Ping Player Sample Count: 12
[18:15:23] [Server thread/INFO]: Using 4 threads for Netty based IO
[18:15:23] [Server thread/INFO]: Loaded 7 recipes
[18:15:24] [Server thread/INFO]: [ViaVersion] Loading server plugin ViaVersion v5.0.3
[18:15:24] [Server thread/INFO]: [ViaVersion] ViaVersion 5.0.3 is now loaded. Registering protocol transformers and injecting...
[18:15:25] [Via-Mappingloader-0/INFO]: [ViaVersion] Loading block connection mappings ...
[18:15:25] [Via-Mappingloader-0/INFO]: [ViaVersion] Using FastUtil Long2ObjectOpenHashMap for block connections
[18:15:25] [Server thread/INFO]: Server permissions file permissions.yml is empty, ignoring it
[18:15:25] [Server thread/INFO]: [ViaVersion] Enabling ViaVersion v5.0.3
[18:15:25] [Server thread/INFO]: [ViaVersion] ViaVersion detected server version: 1.20-1.20.1 (763)
[18:15:25] [Server thread/INFO]: CONSOLE: Reload complete.
[18:15:25] [Server thread/INFO]: Timings Reset
[18:15:25] [Craft Scheduler Thread - 5 - ViaVersion/INFO]: [ViaVersion] Finished mapping loading, shutting down loader executor!
[18:17:25] [Server thread/INFO]: CONSOLE: Are you sure you wish to reload your server? Doing so may cause bugs and memory leaks. It is recommended to restart instead of using /reload. To confirm, please type /reload confirm
[18:17:28] [Server thread/INFO]: CONSOLE: Usage: /reload [permissions|commands|confirm]
[18:17:33] [Server thread/INFO]: CONSOLE: Please note that this command is not supported and may cause issues when using some plugins.
[18:17:33] [Server thread/INFO]: CONSOLE: If you encounter any issues please use the /stop command to restart your server.
[18:17:33] [Server thread/INFO]: Server Ping Player Sample Count: 12
[18:17:33] [Server thread/INFO]: Using 4 threads for Netty based IO
[18:17:33] [Server thread/INFO]: [ViaVersion] Disabling ViaVersion v5.0.3
[18:17:33] [Server thread/INFO]: [ViaVersion] ViaVersion is disabling. If this is a reload and you experience issues, please reboot instead.
[18:17:33] [Server thread/INFO]: [ViaVersion] ViaVersion has been disabled; uninjected the platform and shut down the scheduler.
[18:17:34] [Server thread/INFO]: Loaded 7 recipes
[18:17:34] [Server thread/INFO]: [ViaVersion] Loading server plugin ViaVersion v5.0.4-SNAPSHOT
[18:17:34] [Server thread/INFO]: [ViaVersion] ViaVersion 5.0.4-SNAPSHOT is now loaded. Registering protocol transformers and injecting...
[18:17:34] [Server thread/ERROR]: [ViaVersion] ViaVersion is already loaded, this should work fine. If you get any console errors, try rebooting.
[18:17:34] [Via-Mappingloader-0/INFO]: [ViaVersion] Loading block connection mappings ...
[18:17:35] [Via-Mappingloader-0/INFO]: [ViaVersion] Using FastUtil Long2ObjectOpenHashMap for block connections
[18:17:35] [Server thread/INFO]: Server permissions file permissions.yml is empty, ignoring it
[18:17:35] [Server thread/INFO]: [ViaVersion] Enabling ViaVersion v5.0.4-SNAPSHOT
[18:17:35] [Server thread/INFO]: [ViaVersion] ViaVersion detected server version: 1.20-1.20.1 (763)
[18:17:35] [Server thread/INFO]: CONSOLE: Reload complete.
[18:17:35] [Server thread/INFO]: Timings Reset
[18:17:35] [Craft Scheduler Thread - 7 - ViaVersion/INFO]: [ViaVersion] Finished mapping loading, shutting down loader executor.
[18:17:35] [Server thread/INFO]: [ViaVersion] You are running a development version of the plugin, please report any bugs to GitHub.
[18:18:36] [Server thread/INFO]: CONSOLE: Are you sure you wish to reload your server? Doing so may cause bugs and memory leaks. It is recommended to restart instead of using /reload. To confirm, please type /reload confirm
[18:18:39] [Server thread/INFO]: CONSOLE: Please note that this command is not supported and may cause issues when using some plugins.
[18:18:39] [Server thread/INFO]: CONSOLE: If you encounter any issues please use the /stop command to restart your server.
[18:18:39] [Server thread/INFO]: Server Ping Player Sample Count: 12
[18:18:39] [Server thread/INFO]: Using 4 threads for Netty based IO
[18:18:39] [Server thread/INFO]: [ViaVersion] Disabling ViaVersion v5.0.4-SNAPSHOT
[18:18:39] [Server thread/INFO]: [ViaVersion] ViaVersion is disabling. If this is a reload and you experience issues, please reboot instead.
[18:18:39] [Server thread/INFO]: [ViaVersion] ViaVersion has been disabled; uninjected the platform and shut down the scheduler.
[18:18:39] [Server thread/INFO]: Loaded 7 recipes
[18:18:40] [Server thread/INFO]: [ViaVersion] Loading server plugin ViaVersion v5.0.4-SNAPSHOT
[18:18:40] [Server thread/INFO]: [ViaVersion] ViaVersion 5.0.4-SNAPSHOT is now loaded. Registering protocol transformers and injecting...
[18:18:40] [Server thread/ERROR]: [ViaVersion] ViaVersion is already loaded, this should work fine. If you get any console errors, try rebooting.
[18:18:40] [Via-Mappingloader-0/INFO]: [ViaVersion] Loading block connection mappings ...
[18:18:40] [Via-Mappingloader-0/INFO]: [ViaVersion] Using FastUtil Long2ObjectOpenHashMap for block connections
[18:18:41] [Server thread/INFO]: Server permissions file permissions.yml is empty, ignoring it
[18:18:41] [Server thread/INFO]: [ViaVersion] Enabling ViaVersion v5.0.4-SNAPSHOT
[18:18:41] [Server thread/INFO]: [ViaVersion] ViaVersion detected server version: 1.20-1.20.1 (763)
[18:18:41] [Server thread/INFO]: CONSOLE: Reload complete.
[18:18:41] [Server thread/INFO]: Timings Reset
[18:18:41] [Craft Scheduler Thread - 9 - ViaVersion/INFO]: [ViaVersion] Finished mapping loading, shutting down loader executor.
[18:18:41] [Server thread/INFO]: [ViaVersion] You are running a development version of the plugin, please report any bugs to GitHub.
[18:19:58] [Server thread/INFO]: CONSOLE: Please note that this command is not supported and may cause issues when using some plugins.
[18:19:58] [Server thread/INFO]: CONSOLE: If you encounter any issues please use the /stop command to restart your server.
[18:19:58] [Server thread/INFO]: Server Ping Player Sample Count: 12
[18:19:58] [Server thread/INFO]: Using 4 threads for Netty based IO
[18:19:58] [Server thread/INFO]: [ViaVersion] Disabling ViaVersion v5.0.4-SNAPSHOT
[18:19:58] [Server thread/INFO]: [ViaVersion] ViaVersion is disabling. If this is a reload and you experience issues, please reboot instead.
[18:19:58] [Server thread/INFO]: [ViaVersion] ViaVersion has been disabled; uninjected the platform and shut down the scheduler.
[18:19:58] [Server thread/INFO]: Loaded 7 recipes
[18:19:58] [Server thread/INFO]: [ViaVersion] Loading server plugin ViaVersion v5.0.4-SNAPSHOT
[18:19:58] [Server thread/INFO]: [ViaVersion] ViaVersion 5.0.4-SNAPSHOT is now loaded. Registering protocol transformers and injecting...
[18:19:58] [Server thread/ERROR]: [ViaVersion] ViaVersion is already loaded, this should work fine. If you get any console errors, try rebooting.
[18:19:58] [Via-Mappingloader-0/INFO]: [ViaVersion] Loading block connection mappings ...
[18:19:59] [Via-Mappingloader-0/INFO]: [ViaVersion] Using FastUtil Long2ObjectOpenHashMap for block connections
[18:19:59] [Server thread/INFO]: Server permissions file permissions.yml is empty, ignoring it
[18:19:59] [Server thread/INFO]: [ViaVersion] Enabling ViaVersion v5.0.4-SNAPSHOT
[18:19:59] [Server thread/INFO]: [ViaVersion] ViaVersion detected server version: 1.20-1.20.1 (763)
[18:19:59] [Server thread/INFO]: CONSOLE: Reload complete.
[18:19:59] [Server thread/INFO]: Timings Reset
[18:19:59] [Craft Scheduler Thread - 11 - ViaVersion/INFO]: [ViaVersion] Finished mapping loading, shutting down loader executor.
[18:19:59] [Server thread/INFO]: [ViaVersion] You are running a development version of the plugin, please report any bugs to GitHub.
[18:21:33] [User Authenticator #0/INFO]: UUID of player Albrsxdxd is 351fea5c-5f48-36c9-9d4c-d1e416879740
[18:21:35] [Server thread/INFO]: Albrsxdxd joined the game
[18:21:35] [Server thread/INFO]: Albrsxdxd[/[0:0:0:0:0:0:0:1%0]:44746] logged in with entity id 50 at ([world]-93.5, 63.0, 88.5)
[18:22:03] [Server thread/INFO]: Albrsxdxd has made the advancement [Monster Hunter]
[18:22:09] [Server thread/INFO]: Made Albrsxdxd a server operator
[18:22:13] [Server thread/INFO]: Albrsxdxd issued server command: /gamemode creative
[18:22:13] [Server thread/INFO]: [Albrsxdxd: Set own game mode to Creative Mode]
[18:22:15] [Server thread/INFO]: Albrsxdxd issued server command: /lag
[18:22:20] [Server thread/INFO]: Albrsxdxd issued server command: /pl
